<?xml version="1.0" encoding="UTF-8"?>
<testsuite name="hello.querydsl.entity.QueryDSLAdvancedTest" tests="1" skipped="0" failures="0" errors="0" timestamp="2024-04-22T03:05:47" hostname="Jaeui-MacBookPro.local" time="0.532">
  <properties/>
  <testcase name="dynamic_query_where_param()" classname="hello.querydsl.entity.QueryDSLAdvancedTest" time="0.532"/>
  <system-out><![CDATA[12:05:46.027 [Test worker] INFO org.springframework.test.context.support.AnnotationConfigContextLoaderUtils -- Could not detect default configuration classes for test class [hello.querydsl.entity.QueryDSLAdvancedTest]: QueryDSLAdvancedTest does not declare any static, non-private, non-final, nested classes annotated with @Configuration.
12:05:46.075 [Test worker] INFO org.springframework.boot.test.context.SpringBootTestContextBootstrapper -- Found @SpringBootConfiguration hello.querydsl.QuerydslApplication for test class hello.querydsl.entity.QueryDSLAdvancedTest

  .   ____          _            __ _ _
 /\\ / ___'_ __ _ _(_)_ __  __ _ \ \ \ \
( ( )\___ | '_ | '_| | '_ \/ _` | \ \ \ \
 \\/  ___)| |_)| | | | | || (_| |  ) ) ) )
  '  |____| .__|_| |_|_| |_\__, | / / / /
 =========|_|==============|___/=/_/_/_/
 :: Spring Boot ::                (v3.2.5)

2024-04-22T12:05:46.255+09:00  INFO 67856 --- [    Test worker] h.querydsl.entity.QueryDSLAdvancedTest   : Starting QueryDSLAdvancedTest using Java 17.0.10 with PID 67856 (started by jaeyoungpark in /Users/jaeyoungpark/Desktop/kimyounghan/querydsl)
2024-04-22T12:05:46.256+09:00  INFO 67856 --- [    Test worker] h.querydsl.entity.QueryDSLAdvancedTest   : No active profile set, falling back to 1 default profile: "default"
2024-04-22T12:05:46.502+09:00  INFO 67856 --- [    Test worker] .s.d.r.c.RepositoryConfigurationDelegate : Bootstrapping Spring Data JPA repositories in DEFAULT mode.
2024-04-22T12:05:46.514+09:00  INFO 67856 --- [    Test worker] .s.d.r.c.RepositoryConfigurationDelegate : Finished Spring Data repository scanning in 8 ms. Found 0 JPA repository interfaces.
2024-04-22T12:05:46.697+09:00  INFO 67856 --- [    Test worker] o.hibernate.jpa.internal.util.LogHelper  : HHH000204: Processing PersistenceUnitInfo [name: default]
2024-04-22T12:05:46.719+09:00  INFO 67856 --- [    Test worker] org.hibernate.Version                    : HHH000412: Hibernate ORM core version 6.4.4.Final
2024-04-22T12:05:46.733+09:00  INFO 67856 --- [    Test worker] o.h.c.internal.RegionFactoryInitiator    : HHH000026: Second-level cache disabled
2024-04-22T12:05:46.837+09:00  INFO 67856 --- [    Test worker] o.s.o.j.p.SpringPersistenceUnitInfo      : No LoadTimeWeaver setup: ignoring JPA class transformer
2024-04-22T12:05:46.848+09:00  INFO 67856 --- [    Test worker] com.zaxxer.hikari.HikariDataSource       : HikariPool-1 - Starting...
2024-04-22T12:05:46.889+09:00  INFO 67856 --- [    Test worker] com.zaxxer.hikari.pool.HikariPool        : HikariPool-1 - Added connection conn0: url=jdbc:h2:tcp://localhost/~/Desktop/h2/bin/jpa user=SA
2024-04-22T12:05:46.890+09:00  INFO 67856 --- [    Test worker] com.zaxxer.hikari.HikariDataSource       : HikariPool-1 - Start completed.
2024-04-22T12:05:47.308+09:00  INFO 67856 --- [    Test worker] o.h.e.t.j.p.i.JtaPlatformInitiator       : HHH000489: No JTA platform available (set 'hibernate.transaction.jta.platform' to enable JTA platform integration)
Hibernate: 
    drop table if exists hello cascade 
Hibernate: 
    drop table if exists member cascade 
Hibernate: 
    drop table if exists team cascade 
Hibernate: 
    drop sequence if exists hello_seq
Hibernate: 
    drop sequence if exists member_seq
Hibernate: 
    drop sequence if exists team_seq
Hibernate: 
    create sequence hello_seq start with 1 increment by 50
Hibernate: 
    create sequence member_seq start with 1 increment by 50
Hibernate: 
    create sequence team_seq start with 1 increment by 50
Hibernate: 
    create table hello (
        id bigint not null,
        primary key (id)
    )
Hibernate: 
    create table member (
        age integer not null,
        member_id bigint not null,
        team_id bigint,
        username varchar(255),
        primary key (member_id)
    )
Hibernate: 
    create table team (
        team_id bigint not null,
        name varchar(255),
        primary key (team_id)
    )
Hibernate: 
    alter table if exists member 
       add constraint FKcjte2jn9pvo9ud2hyfgwcja0k 
       foreign key (team_id) 
       references team
2024-04-22T12:05:47.329+09:00  INFO 67856 --- [    Test worker] j.LocalContainerEntityManagerFactoryBean : Initialized JPA EntityManagerFactory for persistence unit 'default'
2024-04-22T12:05:47.402+09:00  WARN 67856 --- [    Test worker] JpaBaseConfiguration$JpaWebConfiguration : spring.jpa.open-in-view is enabled by default. Therefore, database queries may be performed during view rendering. Explicitly configure spring.jpa.open-in-view to disable this warning
2024-04-22T12:05:47.601+09:00  INFO 67856 --- [    Test worker] h.querydsl.entity.QueryDSLAdvancedTest   : Started QueryDSLAdvancedTest in 1.46 seconds (process running for 1.926)
Hibernate: 
    select
        next value for team_seq
Hibernate: 
    select
        next value for team_seq
Hibernate: 
    select
        next value for member_seq
Hibernate: 
    select
        next value for member_seq
Hibernate: 
    /* insert for
        hello.querydsl.entity.Team */insert 
    into
        team (name, team_id) 
    values
        (?, ?)
2024-04-22T12:05:48.096+09:00 TRACE 67856 --- [    Test worker] org.hibernate.orm.jdbc.bind              : binding parameter (1:VARCHAR) <- [teamA]
2024-04-22T12:05:48.096+09:00 TRACE 67856 --- [    Test worker] org.hibernate.orm.jdbc.bind              : binding parameter (2:BIGINT) <- [1]
Hibernate: 
    /* insert for
        hello.querydsl.entity.Team */insert 
    into
        team (name, team_id) 
    values
        (?, ?)
2024-04-22T12:05:48.099+09:00 TRACE 67856 --- [    Test worker] org.hibernate.orm.jdbc.bind              : binding parameter (1:VARCHAR) <- [teamB]
2024-04-22T12:05:48.099+09:00 TRACE 67856 --- [    Test worker] org.hibernate.orm.jdbc.bind              : binding parameter (2:BIGINT) <- [2]
Hibernate: 
    /* insert for
        hello.querydsl.entity.Member */insert 
    into
        member (age, team_id, username, member_id) 
    values
        (?, ?, ?, ?)
2024-04-22T12:05:48.100+09:00 TRACE 67856 --- [    Test worker] org.hibernate.orm.jdbc.bind              : binding parameter (1:INTEGER) <- [10]
2024-04-22T12:05:48.100+09:00 TRACE 67856 --- [    Test worker] org.hibernate.orm.jdbc.bind              : binding parameter (2:BIGINT) <- [1]
2024-04-22T12:05:48.100+09:00 TRACE 67856 --- [    Test worker] org.hibernate.orm.jdbc.bind              : binding parameter (3:VARCHAR) <- [member1]
2024-04-22T12:05:48.100+09:00 TRACE 67856 --- [    Test worker] org.hibernate.orm.jdbc.bind              : binding parameter (4:BIGINT) <- [1]
Hibernate: 
    /* insert for
        hello.querydsl.entity.Member */insert 
    into
        member (age, team_id, username, member_id) 
    values
        (?, ?, ?, ?)
2024-04-22T12:05:48.101+09:00 TRACE 67856 --- [    Test worker] org.hibernate.orm.jdbc.bind              : binding parameter (1:INTEGER) <- [10]
2024-04-22T12:05:48.101+09:00 TRACE 67856 --- [    Test worker] org.hibernate.orm.jdbc.bind              : binding parameter (2:BIGINT) <- [1]
2024-04-22T12:05:48.101+09:00 TRACE 67856 --- [    Test worker] org.hibernate.orm.jdbc.bind              : binding parameter (3:VARCHAR) <- [member2]
2024-04-22T12:05:48.101+09:00 TRACE 67856 --- [    Test worker] org.hibernate.orm.jdbc.bind              : binding parameter (4:BIGINT) <- [2]
Hibernate: 
    /* insert for
        hello.querydsl.entity.Member */insert 
    into
        member (age, team_id, username, member_id) 
    values
        (?, ?, ?, ?)
2024-04-22T12:05:48.102+09:00 TRACE 67856 --- [    Test worker] org.hibernate.orm.jdbc.bind              : binding parameter (1:INTEGER) <- [10]
2024-04-22T12:05:48.102+09:00 TRACE 67856 --- [    Test worker] org.hibernate.orm.jdbc.bind              : binding parameter (2:BIGINT) <- [2]
2024-04-22T12:05:48.102+09:00 TRACE 67856 --- [    Test worker] org.hibernate.orm.jdbc.bind              : binding parameter (3:VARCHAR) <- [member3]
2024-04-22T12:05:48.102+09:00 TRACE 67856 --- [    Test worker] org.hibernate.orm.jdbc.bind              : binding parameter (4:BIGINT) <- [3]
Hibernate: 
    /* insert for
        hello.querydsl.entity.Member */insert 
    into
        member (age, team_id, username, member_id) 
    values
        (?, ?, ?, ?)
2024-04-22T12:05:48.103+09:00 TRACE 67856 --- [    Test worker] org.hibernate.orm.jdbc.bind              : binding parameter (1:INTEGER) <- [10]
2024-04-22T12:05:48.103+09:00 TRACE 67856 --- [    Test worker] org.hibernate.orm.jdbc.bind              : binding parameter (2:BIGINT) <- [2]
2024-04-22T12:05:48.103+09:00 TRACE 67856 --- [    Test worker] org.hibernate.orm.jdbc.bind              : binding parameter (3:VARCHAR) <- [member4]
2024-04-22T12:05:48.103+09:00 TRACE 67856 --- [    Test worker] org.hibernate.orm.jdbc.bind              : binding parameter (4:BIGINT) <- [4]
Hibernate: 
    /* select
        member1 
    from
        Member member1 
    where
        member1.username = ?1 */ select
            m1_0.member_id,
            m1_0.age,
            m1_0.team_id,
            m1_0.username 
        from
            member m1_0 
        where
            m1_0.username=?
2024-04-22T12:05:48.114+09:00 TRACE 67856 --- [    Test worker] org.hibernate.orm.jdbc.bind              : binding parameter (1:VARCHAR) <- [member1]
]]></system-out>
  <system-err><![CDATA[]]></system-err>
</testsuite>
